20190312 11:25:49.776  [main] INFO  com.jrx.tjp.web.controller.UserControllerTest.logStarting():50 - Starting UserControllerTest on NWAMJPT5RAI10K4 with PID 11204 (started by Administrator in F:\jiang\code\template-java-project\tjp-web)
20190312 11:25:49.778  [main] DEBUG com.jrx.tjp.web.controller.UserControllerTest.logStarting():53 - Running with Spring Boot v2.0.0.RELEASE, Spring v5.0.4.RELEASE
20190312 11:25:49.779  [main] INFO  com.jrx.tjp.web.controller.UserControllerTest.logStartupProfileInfo():656 - The following profiles are active: dev
20190312 11:25:49.802  [main] INFO  org.springframework.web.context.support.GenericWebApplicationContext.prepareRefresh():589 - Refreshing org.springframework.web.context.support.GenericWebApplicationContext@1d2400d: startup date [Tue Mar 12 11:25:49 CST 2019]; root of context hierarchy
20190312 11:25:51.271  [main] INFO  org.springframework.web.servlet.mvc.method.annotation.RequestMappingHandlerMapping.register():548 - Mapped "{[/user/save],methods=[POST]}" onto public java.lang.String com.jrx.tjp.web.controller.UserController.save(com.jrx.tjp.web.dto.UserDto)
20190312 11:25:51.275  [main] INFO  org.springframework.web.servlet.mvc.method.annotation.RequestMappingHandlerMapping.register():548 - Mapped "{[/user/updatePwd],methods=[POST]}" onto public java.lang.String com.jrx.tjp.web.controller.UserController.updatePwd(java.lang.String,java.lang.String)
20190312 11:25:51.276  [main] INFO  org.springframework.web.servlet.mvc.method.annotation.RequestMappingHandlerMapping.register():548 - Mapped "{[/user/updateEmail],methods=[POST]}" onto public java.lang.String com.jrx.tjp.web.controller.UserController.updateEmail(java.lang.String)
20190312 11:25:51.277  [main] INFO  org.springframework.web.servlet.mvc.method.annotation.RequestMappingHandlerMapping.register():548 - Mapped "{[/v2/api-docs],methods=[GET],produces=[application/json || application/hal+json]}" onto public org.springframework.http.ResponseEntity<springfox.documentation.spring.web.json.Json> springfox.documentation.swagger2.web.Swagger2Controller.getDocumentation(java.lang.String,javax.servlet.http.HttpServletRequest)
20190312 11:25:51.281  [main] INFO  org.springframework.web.servlet.mvc.method.annotation.RequestMappingHandlerMapping.register():548 - Mapped "{[/swagger-resources/configuration/ui]}" onto org.springframework.http.ResponseEntity<springfox.documentation.swagger.web.UiConfiguration> springfox.documentation.swagger.web.ApiResourceController.uiConfiguration()
20190312 11:25:51.282  [main] INFO  org.springframework.web.servlet.mvc.method.annotation.RequestMappingHandlerMapping.register():548 - Mapped "{[/swagger-resources]}" onto org.springframework.http.ResponseEntity<java.util.List<springfox.documentation.swagger.web.SwaggerResource>> springfox.documentation.swagger.web.ApiResourceController.swaggerResources()
20190312 11:25:51.283  [main] INFO  org.springframework.web.servlet.mvc.method.annotation.RequestMappingHandlerMapping.register():548 - Mapped "{[/swagger-resources/configuration/security]}" onto org.springframework.http.ResponseEntity<springfox.documentation.swagger.web.SecurityConfiguration> springfox.documentation.swagger.web.ApiResourceController.securityConfiguration()
20190312 11:25:51.288  [main] INFO  org.springframework.web.servlet.mvc.method.annotation.RequestMappingHandlerMapping.register():548 - Mapped "{[/error]}" onto public org.springframework.http.ResponseEntity<java.util.Map<java.lang.String, java.lang.Object>> org.springframework.boot.autoconfigure.web.servlet.error.BasicErrorController.error(javax.servlet.http.HttpServletRequest)
20190312 11:25:51.289  [main] INFO  org.springframework.web.servlet.mvc.method.annotation.RequestMappingHandlerMapping.register():548 - Mapped "{[/error],produces=[text/html]}" onto public org.springframework.web.servlet.ModelAndView org.springframework.boot.autoconfigure.web.servlet.error.BasicErrorController.errorHtml(javax.servlet.http.HttpServletRequest,javax.servlet.http.HttpServletResponse)
20190312 11:25:51.558  [main] INFO  org.springframework.boot.test.mock.web.SpringBootMockServletContext.log():438 - Initializing Spring FrameworkServlet ''
20190312 11:25:51.559  [main] INFO  org.springframework.test.web.servlet.TestDispatcherServlet.initServletBean():494 - FrameworkServlet '': initialization started
20190312 11:25:51.611  [main] INFO  org.springframework.web.servlet.handler.SimpleUrlHandlerMapping.registerHandler():373 - Mapped URL path [/webjars/**] onto handler of type [class org.springframework.web.servlet.resource.ResourceHttpRequestHandler]
20190312 11:25:51.612  [main] INFO  org.springframework.web.servlet.handler.SimpleUrlHandlerMapping.registerHandler():373 - Mapped URL path [/**] onto handler of type [class org.springframework.web.servlet.resource.ResourceHttpRequestHandler]
20190312 11:25:51.638  [main] INFO  org.springframework.web.servlet.handler.SimpleUrlHandlerMapping.registerHandler():373 - Mapped URL path [/**/favicon.ico] onto handler of type [class org.springframework.web.servlet.resource.ResourceHttpRequestHandler]
20190312 11:25:51.833  [main] INFO  org.springframework.web.servlet.mvc.method.annotation.RequestMappingHandlerAdapter.initControllerAdviceCache():567 - Looking for @ControllerAdvice: org.springframework.web.context.support.GenericWebApplicationContext@1d2400d: startup date [Tue Mar 12 11:25:49 CST 2019]; root of context hierarchy
20190312 11:25:51.950  [main] INFO  org.springframework.test.web.servlet.TestDispatcherServlet.initServletBean():513 - FrameworkServlet '': initialization completed in 391 ms
20190312 11:25:52.386  [main] INFO  org.springframework.context.support.DefaultLifecycleProcessor.start():351 - Starting beans in phase 2147483647
20190312 11:25:52.387  [main] INFO  springfox.documentation.spring.web.plugins.DocumentationPluginsBootstrapper.start():120 - Context refreshed
20190312 11:25:52.419  [main] INFO  springfox.documentation.spring.web.plugins.DocumentationPluginsBootstrapper.start():123 - Found 1 custom documentation plugin(s)
20190312 11:25:52.431  [main] INFO  springfox.documentation.spring.web.scanners.ApiListingReferenceScanner.scan():41 - Scanning for api listing references
20190312 11:25:52.622  [main] INFO  com.jrx.tjp.web.controller.UserControllerTest.logStarted():59 - Started UserControllerTest in 3.584 seconds (JVM running for 4.458)
20190312 11:25:52.756  [main] DEBUG com.jrx.tjp.web.service.impl.UserServiceImpl.updateUserPwd():44 - ”√ªßID£∫1£¨æ…√‹¬Î£∫123£¨–¬√‹¬Î£∫abc
20190312 11:25:52.757  [main] INFO  com.jrx.tjp.web.service.impl.UserServiceImpl.updateUserPwd():45 - ”√ªßID£∫1£¨æ…√‹¬Î£∫123£¨–¬√‹¬Î£∫abc
20190312 11:25:52.968  [main] INFO  com.jrx.tjp.web.controller.UserController.save():70 - userDto:UserDto{name='name', phone='13681037798', email='null', image='null', pwd='pwd', age=19}
20190312 11:25:52.972  [main] INFO  org.springframework.boot.test.context.SpringBootTestContextBootstrapper.buildDefaultMergedContextConfiguration():308 - Neither @ContextConfiguration nor @ContextHierarchy found for test class [com.jrx.tjp.web.service.impl.UserServiceImplTest], using SpringBootContextLoader
20190312 11:25:52.973  [main] INFO  org.springframework.test.context.support.AbstractContextLoader.generateDefaultLocations():264 - Could not detect default resource locations for test class [com.jrx.tjp.web.service.impl.UserServiceImplTest]: no resource found for suffixes {-context.xml, Context.groovy}.
20190312 11:25:52.973  [main] INFO  org.springframework.test.context.support.AnnotationConfigContextLoaderUtils.detectDefaultConfigurationClasses():82 - Could not detect default configuration classes for test class [com.jrx.tjp.web.service.impl.UserServiceImplTest]: UserServiceImplTest does not declare any static, non-private, non-final, nested classes annotated with @Configuration.
20190312 11:25:52.983  [main] INFO  org.springframework.boot.test.context.SpringBootTestContextBootstrapper.getOrFindConfigurationClasses():244 - Found @SpringBootConfiguration com.jrx.tjp.StartApp for test class com.jrx.tjp.web.service.impl.UserServiceImplTest
20190312 11:25:52.984  [main] INFO  org.springframework.boot.test.context.SpringBootTestContextBootstrapper.getDefaultTestExecutionListenerClassNames():248 - Loaded default TestExecutionListener class names from location [META-INF/spring.factories]: [org.springframework.boot.test.mock.mockito.MockitoTestExecutionListener, org.springframework.boot.test.mock.mockito.ResetMocksTestExecutionListener, org.springframework.boot.test.autoconfigure.restdocs.RestDocsTestExecutionListener, org.springframework.boot.test.autoconfigure.web.client.MockRestServiceServerResetTestExecutionListener, org.springframework.boot.test.autoconfigure.web.servlet.MockMvcPrintOnlyOnFailureTestExecutionListener, org.springframework.boot.test.autoconfigure.web.servlet.WebDriverTestExecutionListener, org.springframework.test.context.web.ServletTestExecutionListener, org.springframework.test.context.support.DirtiesContextBeforeModesTestExecutionListener, org.springframework.test.context.support.DependencyInjectionTestExecutionListener, org.springframework.test.context.support.DirtiesContextTestExecutionListener, org.springframework.test.context.transaction.TransactionalTestExecutionListener, org.springframework.test.context.jdbc.SqlScriptsTestExecutionListener]
20190312 11:25:52.985  [main] INFO  org.springframework.boot.test.context.SpringBootTestContextBootstrapper.getTestExecutionListeners():177 - Using TestExecutionListeners: [org.springframework.test.context.web.ServletTestExecutionListener@121199d, org.springframework.test.context.support.DirtiesContextBeforeModesTestExecutionListener@140a3b4, org.springframework.boot.test.mock.mockito.MockitoTestExecutionListener@113811b, org.springframework.boot.test.autoconfigure.SpringBootDependencyInjectionTestExecutionListener@1fc6d05, org.springframework.test.context.support.DirtiesContextTestExecutionListener@307a56, org.springframework.boot.test.mock.mockito.ResetMocksTestExecutionListener@d52be7, org.springframework.boot.test.autoconfigure.restdocs.RestDocsTestExecutionListener@1ad71bf, org.springframework.boot.test.autoconfigure.web.client.MockRestServiceServerResetTestExecutionListener@183b48a, org.springframework.boot.test.autoconfigure.web.servlet.MockMvcPrintOnlyOnFailureTestExecutionListener@9a9f26, org.springframework.boot.test.autoconfigure.web.servlet.WebDriverTestExecutionListener@1791a81]
20190312 11:25:53.023  [main] INFO  com.jrx.tjp.web.service.impl.UserServiceImplTest.logStarting():50 - Starting UserServiceImplTest on NWAMJPT5RAI10K4 with PID 11204 (started by Administrator in F:\jiang\code\template-java-project\tjp-web)
20190312 11:25:53.023  [main] DEBUG com.jrx.tjp.web.service.impl.UserServiceImplTest.logStarting():53 - Running with Spring Boot v2.0.0.RELEASE, Spring v5.0.4.RELEASE
20190312 11:25:53.024  [main] INFO  com.jrx.tjp.web.service.impl.UserServiceImplTest.logStartupProfileInfo():656 - The following profiles are active: dev
20190312 11:25:53.027  [main] INFO  org.springframework.web.context.support.GenericWebApplicationContext.prepareRefresh():589 - Refreshing org.springframework.web.context.support.GenericWebApplicationContext@1705112: startup date [Tue Mar 12 11:25:53 CST 2019]; root of context hierarchy
20190312 11:25:53.604  [main] INFO  org.springframework.web.servlet.mvc.method.annotation.RequestMappingHandlerMapping.register():548 - Mapped "{[/user/save],methods=[POST]}" onto public java.lang.String com.jrx.tjp.web.controller.UserController.save(com.jrx.tjp.web.dto.UserDto)
20190312 11:25:53.605  [main] INFO  org.springframework.web.servlet.mvc.method.annotation.RequestMappingHandlerMapping.register():548 - Mapped "{[/user/updatePwd],methods=[POST]}" onto public java.lang.String com.jrx.tjp.web.controller.UserController.updatePwd(java.lang.String,java.lang.String)
20190312 11:25:53.605  [main] INFO  org.springframework.web.servlet.mvc.method.annotation.RequestMappingHandlerMapping.register():548 - Mapped "{[/user/updateEmail],methods=[POST]}" onto public java.lang.String com.jrx.tjp.web.controller.UserController.updateEmail(java.lang.String)
20190312 11:25:53.613  [main] INFO  org.springframework.web.servlet.mvc.method.annotation.RequestMappingHandlerMapping.register():548 - Mapped "{[/v2/api-docs],methods=[GET],produces=[application/json || application/hal+json]}" onto public org.springframework.http.ResponseEntity<springfox.documentation.spring.web.json.Json> springfox.documentation.swagger2.web.Swagger2Controller.getDocumentation(java.lang.String,javax.servlet.http.HttpServletRequest)
20190312 11:25:53.617  [main] INFO  org.springframework.web.servlet.mvc.method.annotation.RequestMappingHandlerMapping.register():548 - Mapped "{[/swagger-resources/configuration/ui]}" onto org.springframework.http.ResponseEntity<springfox.documentation.swagger.web.UiConfiguration> springfox.documentation.swagger.web.ApiResourceController.uiConfiguration()
20190312 11:25:53.618  [main] INFO  org.springframework.web.servlet.mvc.method.annotation.RequestMappingHandlerMapping.register():548 - Mapped "{[/swagger-resources]}" onto org.springframework.http.ResponseEntity<java.util.List<springfox.documentation.swagger.web.SwaggerResource>> springfox.documentation.swagger.web.ApiResourceController.swaggerResources()
20190312 11:25:53.619  [main] INFO  org.springframework.web.servlet.mvc.method.annotation.RequestMappingHandlerMapping.register():548 - Mapped "{[/swagger-resources/configuration/security]}" onto org.springframework.http.ResponseEntity<springfox.documentation.swagger.web.SecurityConfiguration> springfox.documentation.swagger.web.ApiResourceController.securityConfiguration()
20190312 11:25:53.622  [main] INFO  org.springframework.web.servlet.mvc.method.annotation.RequestMappingHandlerMapping.register():548 - Mapped "{[/error]}" onto public org.springframework.http.ResponseEntity<java.util.Map<java.lang.String, java.lang.Object>> org.springframework.boot.autoconfigure.web.servlet.error.BasicErrorController.error(javax.servlet.http.HttpServletRequest)
20190312 11:25:53.623  [main] INFO  org.springframework.web.servlet.mvc.method.annotation.RequestMappingHandlerMapping.register():548 - Mapped "{[/error],produces=[text/html]}" onto public org.springframework.web.servlet.ModelAndView org.springframework.boot.autoconfigure.web.servlet.error.BasicErrorController.errorHtml(javax.servlet.http.HttpServletRequest,javax.servlet.http.HttpServletResponse)
20190312 11:25:53.854  [main] INFO  org.springframework.web.servlet.mvc.method.annotation.RequestMappingHandlerAdapter.initControllerAdviceCache():567 - Looking for @ControllerAdvice: org.springframework.web.context.support.GenericWebApplicationContext@1705112: startup date [Tue Mar 12 11:25:53 CST 2019]; root of context hierarchy
20190312 11:25:53.886  [main] INFO  org.springframework.web.servlet.handler.SimpleUrlHandlerMapping.registerHandler():373 - Mapped URL path [/webjars/**] onto handler of type [class org.springframework.web.servlet.resource.ResourceHttpRequestHandler]
20190312 11:25:53.887  [main] INFO  org.springframework.web.servlet.handler.SimpleUrlHandlerMapping.registerHandler():373 - Mapped URL path [/**] onto handler of type [class org.springframework.web.servlet.resource.ResourceHttpRequestHandler]
20190312 11:25:53.916  [main] INFO  org.springframework.web.servlet.handler.SimpleUrlHandlerMapping.registerHandler():373 - Mapped URL path [/**/favicon.ico] onto handler of type [class org.springframework.web.servlet.resource.ResourceHttpRequestHandler]
20190312 11:25:54.030  [main] INFO  org.springframework.context.support.DefaultLifecycleProcessor.start():351 - Starting beans in phase 2147483647
20190312 11:25:54.031  [main] INFO  springfox.documentation.spring.web.plugins.DocumentationPluginsBootstrapper.start():120 - Context refreshed
20190312 11:25:54.031  [main] INFO  springfox.documentation.spring.web.plugins.DocumentationPluginsBootstrapper.start():123 - Found 1 custom documentation plugin(s)
20190312 11:25:54.034  [main] INFO  springfox.documentation.spring.web.scanners.ApiListingReferenceScanner.scan():41 - Scanning for api listing references
20190312 11:25:54.054  [main] INFO  com.jrx.tjp.web.service.impl.UserServiceImplTest.logStarted():59 - Started UserServiceImplTest in 1.067 seconds (JVM running for 5.889)
20190312 11:25:54.060  [main] DEBUG com.jrx.tjp.web.service.impl.UserServiceImpl.updateUserPwd():44 - ”√ªßID£∫1£¨æ…√‹¬Î£∫123456£¨–¬√‹¬Î£∫abcdef
20190312 11:25:54.061  [main] INFO  com.jrx.tjp.web.service.impl.UserServiceImpl.updateUserPwd():45 - ”√ªßID£∫1£¨æ…√‹¬Î£∫123456£¨–¬√‹¬Î£∫abcdef
20190312 11:25:54.076  [Thread-6] INFO  org.springframework.web.context.support.GenericWebApplicationContext.doClose():989 - Closing org.springframework.web.context.support.GenericWebApplicationContext@1705112: startup date [Tue Mar 12 11:25:53 CST 2019]; root of context hierarchy
20190312 11:25:54.076  [Thread-4] INFO  org.springframework.web.context.support.GenericWebApplicationContext.doClose():989 - Closing org.springframework.web.context.support.GenericWebApplicationContext@1d2400d: startup date [Tue Mar 12 11:25:49 CST 2019]; root of context hierarchy
20190312 11:25:54.078  [Thread-4] INFO  org.springframework.context.support.DefaultLifecycleProcessor.stop():366 - Stopping beans in phase 2147483647
20190312 11:25:54.078  [Thread-6] INFO  org.springframework.context.support.DefaultLifecycleProcessor.stop():366 - Stopping beans in phase 2147483647
