20190312 10:45:51.611  [main] INFO  com.jrx.tjp.StartApp.logStarting():50 - Starting StartApp on NWAMJPT5RAI10K4 with PID 13960 (F:\jiang\code\template-java-project\tjp-web\target\classes started by Administrator in F:\jiang\code\template-java-project)
20190312 10:45:51.629  [main] INFO  com.jrx.tjp.StartApp.logStartupProfileInfo():656 - The following profiles are active: dev
20190312 10:45:51.754  [main] INFO  org.springframework.boot.web.servlet.context.AnnotationConfigServletWebServerApplicationContext.prepareRefresh():589 - Refreshing org.springframework.boot.web.servlet.context.AnnotationConfigServletWebServerApplicationContext@191004a: startup date [Tue Mar 12 10:45:51 CST 2019]; root of context hierarchy
20190312 10:45:53.215  [main] INFO  org.springframework.boot.web.embedded.tomcat.TomcatWebServer.initialize():91 - Tomcat initialized with port(s): 9860 (http)
20190312 10:45:53.242  [main] INFO  org.apache.coyote.http11.Http11NioProtocol.log():180 - Initializing ProtocolHandler ["http-nio-9860"]
20190312 10:45:53.254  [main] INFO  org.apache.catalina.core.StandardService.log():180 - Starting service [Tomcat]
20190312 10:45:53.255  [main] INFO  org.apache.catalina.core.StandardEngine.log():180 - Starting Servlet Engine: Apache Tomcat/8.5.28
20190312 10:45:53.268  [localhost-startStop-1] INFO  org.apache.catalina.core.AprLifecycleListener.log():180 - The APR based Apache Tomcat Native library which allows optimal performance in production environments was not found on the java.library.path: [C:\Program Files (x86)\Java\jdk1.8.0_144\bin;C:\Windows\Sun\Java\bin;C:\Windows\system32;C:\Windows;C:\Program Files\Java\jdk1.8.0_144\bin;C:\Program Files\Java\jdk1.8.0_144\jre\bin;C:\Program Files\java\jdk.18.0_144\bin;C:\Program Files\Java\jdk1.8.0_144\binC:\Windows\system32;C:\Windows;C:\Windows\System32\Wbem;C:\Windows\System32\WindowsPowerShell\v1.0\;C:\Program Files (x86)\MySQL\MySQL Server 5.5\bin;E:\CloudMusic\Tools\QtCreator\bin;C:\windows\system32;D:\maven\apache-maven-3.3.9\bin;E:\redis\;F:\apache-tomcat-7.0.88\bin\;F:\apache-tomcat-7.0.88\lib;D:\svn\service\bin;D:\svn\client\bin;E:\git\Git\cmd;E:\git\bin;E:\ElsticSearch\nodejs\;F:\itcast\mongodb\MongoDB\Server\3.2\bin;C:\Users\Administrator\AppData\Local\Microsoft\WindowsApps;C:\Users\Administrator\AppData\Roaming\npm;.]
20190312 10:45:53.377  [localhost-startStop-1] INFO  org.apache.catalina.core.ContainerBase.[Tomcat].[localhost].[/].log():180 - Initializing Spring embedded WebApplicationContext
20190312 10:45:53.377  [localhost-startStop-1] INFO  org.springframework.web.context.ContextLoader.prepareWebApplicationContext():285 - Root WebApplicationContext: initialization completed in 1623 ms
20190312 10:45:53.540  [localhost-startStop-1] INFO  org.springframework.boot.web.servlet.ServletRegistrationBean.addRegistration():185 - Servlet dispatcherServlet mapped to [/]
20190312 10:45:53.545  [localhost-startStop-1] INFO  org.springframework.boot.web.servlet.FilterRegistrationBean.configure():243 - Mapping filter: 'characterEncodingFilter' to: [/*]
20190312 10:45:53.545  [localhost-startStop-1] INFO  org.springframework.boot.web.servlet.FilterRegistrationBean.configure():243 - Mapping filter: 'hiddenHttpMethodFilter' to: [/*]
20190312 10:45:53.546  [localhost-startStop-1] INFO  org.springframework.boot.web.servlet.FilterRegistrationBean.configure():243 - Mapping filter: 'httpPutFormContentFilter' to: [/*]
20190312 10:45:53.546  [localhost-startStop-1] INFO  org.springframework.boot.web.servlet.FilterRegistrationBean.configure():243 - Mapping filter: 'requestContextFilter' to: [/*]
20190312 10:45:54.044  [main] INFO  org.springframework.web.servlet.mvc.method.annotation.RequestMappingHandlerMapping.register():548 - Mapped "{[/user/save],methods=[POST]}" onto public java.lang.String com.jrx.tjp.web.controller.UserController.save(com.jrx.tjp.web.dto.UserDto)
20190312 10:45:54.046  [main] INFO  org.springframework.web.servlet.mvc.method.annotation.RequestMappingHandlerMapping.register():548 - Mapped "{[/user/updatePwd],methods=[POST]}" onto public java.lang.String com.jrx.tjp.web.controller.UserController.updatePwd(java.lang.String,java.lang.String)
20190312 10:45:54.046  [main] INFO  org.springframework.web.servlet.mvc.method.annotation.RequestMappingHandlerMapping.register():548 - Mapped "{[/user/updateEmail],methods=[POST]}" onto public java.lang.String com.jrx.tjp.web.controller.UserController.updateEmail(java.lang.String)
20190312 10:45:54.047  [main] INFO  org.springframework.web.servlet.mvc.method.annotation.RequestMappingHandlerMapping.register():548 - Mapped "{[/v2/api-docs],methods=[GET],produces=[application/json || application/hal+json]}" onto public org.springframework.http.ResponseEntity<springfox.documentation.spring.web.json.Json> springfox.documentation.swagger2.web.Swagger2Controller.getDocumentation(java.lang.String,javax.servlet.http.HttpServletRequest)
20190312 10:45:54.051  [main] INFO  org.springframework.web.servlet.mvc.method.annotation.RequestMappingHandlerMapping.register():548 - Mapped "{[/swagger-resources/configuration/security]}" onto org.springframework.http.ResponseEntity<springfox.documentation.swagger.web.SecurityConfiguration> springfox.documentation.swagger.web.ApiResourceController.securityConfiguration()
20190312 10:45:54.052  [main] INFO  org.springframework.web.servlet.mvc.method.annotation.RequestMappingHandlerMapping.register():548 - Mapped "{[/swagger-resources/configuration/ui]}" onto org.springframework.http.ResponseEntity<springfox.documentation.swagger.web.UiConfiguration> springfox.documentation.swagger.web.ApiResourceController.uiConfiguration()
20190312 10:45:54.053  [main] INFO  org.springframework.web.servlet.mvc.method.annotation.RequestMappingHandlerMapping.register():548 - Mapped "{[/swagger-resources]}" onto org.springframework.http.ResponseEntity<java.util.List<springfox.documentation.swagger.web.SwaggerResource>> springfox.documentation.swagger.web.ApiResourceController.swaggerResources()
20190312 10:45:54.058  [main] INFO  org.springframework.web.servlet.mvc.method.annotation.RequestMappingHandlerMapping.register():548 - Mapped "{[/error]}" onto public org.springframework.http.ResponseEntity<java.util.Map<java.lang.String, java.lang.Object>> org.springframework.boot.autoconfigure.web.servlet.error.BasicErrorController.error(javax.servlet.http.HttpServletRequest)
20190312 10:45:54.059  [main] INFO  org.springframework.web.servlet.mvc.method.annotation.RequestMappingHandlerMapping.register():548 - Mapped "{[/error],produces=[text/html]}" onto public org.springframework.web.servlet.ModelAndView org.springframework.boot.autoconfigure.web.servlet.error.BasicErrorController.errorHtml(javax.servlet.http.HttpServletRequest,javax.servlet.http.HttpServletResponse)
20190312 10:45:54.439  [main] INFO  org.springframework.web.servlet.mvc.method.annotation.RequestMappingHandlerAdapter.initControllerAdviceCache():567 - Looking for @ControllerAdvice: org.springframework.boot.web.servlet.context.AnnotationConfigServletWebServerApplicationContext@191004a: startup date [Tue Mar 12 10:45:51 CST 2019]; root of context hierarchy
20190312 10:45:54.498  [main] INFO  org.springframework.web.servlet.handler.SimpleUrlHandlerMapping.registerHandler():373 - Mapped URL path [/webjars/**] onto handler of type [class org.springframework.web.servlet.resource.ResourceHttpRequestHandler]
20190312 10:45:54.498  [main] INFO  org.springframework.web.servlet.handler.SimpleUrlHandlerMapping.registerHandler():373 - Mapped URL path [/**] onto handler of type [class org.springframework.web.servlet.resource.ResourceHttpRequestHandler]
20190312 10:45:54.539  [main] INFO  org.springframework.web.servlet.handler.SimpleUrlHandlerMapping.registerHandler():373 - Mapped URL path [/**/favicon.ico] onto handler of type [class org.springframework.web.servlet.resource.ResourceHttpRequestHandler]
20190312 10:45:54.708  [main] INFO  org.springframework.jmx.export.annotation.AnnotationMBeanExporter.afterSingletonsInstantiated():434 - Registering beans for JMX exposure on startup
20190312 10:45:54.719  [main] INFO  org.springframework.context.support.DefaultLifecycleProcessor.start():351 - Starting beans in phase 2147483647
20190312 10:45:54.720  [main] INFO  springfox.documentation.spring.web.plugins.DocumentationPluginsBootstrapper.start():120 - Context refreshed
20190312 10:45:54.765  [main] INFO  springfox.documentation.spring.web.plugins.DocumentationPluginsBootstrapper.start():123 - Found 1 custom documentation plugin(s)
20190312 10:45:54.777  [main] INFO  springfox.documentation.spring.web.scanners.ApiListingReferenceScanner.scan():41 - Scanning for api listing references
20190312 10:45:54.961  [main] INFO  org.apache.coyote.http11.Http11NioProtocol.log():180 - Starting ProtocolHandler ["http-nio-9860"]
20190312 10:45:54.971  [main] INFO  org.apache.tomcat.util.net.NioSelectorPool.log():180 - Using a shared selector for servlet write/read
20190312 10:45:55.000  [main] INFO  org.springframework.boot.web.embedded.tomcat.TomcatWebServer.start():205 - Tomcat started on port(s): 9860 (http) with context path ''
20190312 10:45:55.008  [main] INFO  com.jrx.tjp.StartApp.logStarted():59 - Started StartApp in 5.939 seconds (JVM running for 11.618)
20190312 10:57:57.561  [main] INFO  com.jrx.tjp.StartApp.logStarting():50 - Starting StartApp on NWAMJPT5RAI10K4 with PID 10696 (F:\jiang\code\template-java-project\tjp-web\target\classes started by Administrator in F:\jiang\code\template-java-project)
20190312 10:57:57.563  [main] INFO  com.jrx.tjp.StartApp.logStartupProfileInfo():656 - The following profiles are active: dev
20190312 10:57:57.610  [main] INFO  org.springframework.boot.web.servlet.context.AnnotationConfigServletWebServerApplicationContext.prepareRefresh():589 - Refreshing org.springframework.boot.web.servlet.context.AnnotationConfigServletWebServerApplicationContext@14ca7df: startup date [Tue Mar 12 10:57:57 CST 2019]; root of context hierarchy
20190312 10:57:58.761  [main] INFO  org.springframework.boot.web.embedded.tomcat.TomcatWebServer.initialize():91 - Tomcat initialized with port(s): 9860 (http)
20190312 10:57:58.772  [main] INFO  org.apache.coyote.http11.Http11NioProtocol.log():180 - Initializing ProtocolHandler ["http-nio-9860"]
20190312 10:57:58.780  [main] INFO  org.apache.catalina.core.StandardService.log():180 - Starting service [Tomcat]
20190312 10:57:58.780  [main] INFO  org.apache.catalina.core.StandardEngine.log():180 - Starting Servlet Engine: Apache Tomcat/8.5.28
20190312 10:57:58.784  [localhost-startStop-1] INFO  org.apache.catalina.core.AprLifecycleListener.log():180 - The APR based Apache Tomcat Native library which allows optimal performance in production environments was not found on the java.library.path: [C:\Program Files (x86)\Java\jdk1.8.0_144\bin;C:\Windows\Sun\Java\bin;C:\Windows\system32;C:\Windows;C:\Program Files\Java\jdk1.8.0_144\bin;C:\Program Files\Java\jdk1.8.0_144\jre\bin;C:\Program Files\java\jdk.18.0_144\bin;C:\Program Files\Java\jdk1.8.0_144\binC:\Windows\system32;C:\Windows;C:\Windows\System32\Wbem;C:\Windows\System32\WindowsPowerShell\v1.0\;C:\Program Files (x86)\MySQL\MySQL Server 5.5\bin;E:\CloudMusic\Tools\QtCreator\bin;C:\windows\system32;D:\maven\apache-maven-3.3.9\bin;E:\redis\;F:\apache-tomcat-7.0.88\bin\;F:\apache-tomcat-7.0.88\lib;D:\svn\service\bin;D:\svn\client\bin;E:\git\Git\cmd;E:\git\bin;E:\ElsticSearch\nodejs\;F:\itcast\mongodb\MongoDB\Server\3.2\bin;C:\Users\Administrator\AppData\Local\Microsoft\WindowsApps;C:\Users\Administrator\AppData\Roaming\npm;.]
20190312 10:57:58.879  [localhost-startStop-1] INFO  org.apache.catalina.core.ContainerBase.[Tomcat].[localhost].[/].log():180 - Initializing Spring embedded WebApplicationContext
20190312 10:57:58.879  [localhost-startStop-1] INFO  org.springframework.web.context.ContextLoader.prepareWebApplicationContext():285 - Root WebApplicationContext: initialization completed in 1269 ms
20190312 10:57:59.013  [localhost-startStop-1] INFO  org.springframework.boot.web.servlet.ServletRegistrationBean.addRegistration():185 - Servlet dispatcherServlet mapped to [/]
20190312 10:57:59.018  [localhost-startStop-1] INFO  org.springframework.boot.web.servlet.FilterRegistrationBean.configure():243 - Mapping filter: 'characterEncodingFilter' to: [/*]
20190312 10:57:59.018  [localhost-startStop-1] INFO  org.springframework.boot.web.servlet.FilterRegistrationBean.configure():243 - Mapping filter: 'hiddenHttpMethodFilter' to: [/*]
20190312 10:57:59.019  [localhost-startStop-1] INFO  org.springframework.boot.web.servlet.FilterRegistrationBean.configure():243 - Mapping filter: 'httpPutFormContentFilter' to: [/*]
20190312 10:57:59.019  [localhost-startStop-1] INFO  org.springframework.boot.web.servlet.FilterRegistrationBean.configure():243 - Mapping filter: 'requestContextFilter' to: [/*]
20190312 10:57:59.458  [main] INFO  org.springframework.web.servlet.mvc.method.annotation.RequestMappingHandlerMapping.register():548 - Mapped "{[/user/save],methods=[POST]}" onto public java.lang.String com.jrx.tjp.web.controller.UserController.save(com.jrx.tjp.web.dto.UserDto)
20190312 10:57:59.460  [main] INFO  org.springframework.web.servlet.mvc.method.annotation.RequestMappingHandlerMapping.register():548 - Mapped "{[/user/updatePwd],methods=[POST]}" onto public java.lang.String com.jrx.tjp.web.controller.UserController.updatePwd(java.lang.String,java.lang.String)
20190312 10:57:59.460  [main] INFO  org.springframework.web.servlet.mvc.method.annotation.RequestMappingHandlerMapping.register():548 - Mapped "{[/user/updateEmail],methods=[POST]}" onto public java.lang.String com.jrx.tjp.web.controller.UserController.updateEmail(java.lang.String)
20190312 10:57:59.462  [main] INFO  org.springframework.web.servlet.mvc.method.annotation.RequestMappingHandlerMapping.register():548 - Mapped "{[/v2/api-docs],methods=[GET],produces=[application/json || application/hal+json]}" onto public org.springframework.http.ResponseEntity<springfox.documentation.spring.web.json.Json> springfox.documentation.swagger2.web.Swagger2Controller.getDocumentation(java.lang.String,javax.servlet.http.HttpServletRequest)
20190312 10:57:59.466  [main] INFO  org.springframework.web.servlet.mvc.method.annotation.RequestMappingHandlerMapping.register():548 - Mapped "{[/swagger-resources/configuration/security]}" onto org.springframework.http.ResponseEntity<springfox.documentation.swagger.web.SecurityConfiguration> springfox.documentation.swagger.web.ApiResourceController.securityConfiguration()
20190312 10:57:59.467  [main] INFO  org.springframework.web.servlet.mvc.method.annotation.RequestMappingHandlerMapping.register():548 - Mapped "{[/swagger-resources]}" onto org.springframework.http.ResponseEntity<java.util.List<springfox.documentation.swagger.web.SwaggerResource>> springfox.documentation.swagger.web.ApiResourceController.swaggerResources()
20190312 10:57:59.468  [main] INFO  org.springframework.web.servlet.mvc.method.annotation.RequestMappingHandlerMapping.register():548 - Mapped "{[/swagger-resources/configuration/ui]}" onto org.springframework.http.ResponseEntity<springfox.documentation.swagger.web.UiConfiguration> springfox.documentation.swagger.web.ApiResourceController.uiConfiguration()
20190312 10:57:59.472  [main] INFO  org.springframework.web.servlet.mvc.method.annotation.RequestMappingHandlerMapping.register():548 - Mapped "{[/error]}" onto public org.springframework.http.ResponseEntity<java.util.Map<java.lang.String, java.lang.Object>> org.springframework.boot.autoconfigure.web.servlet.error.BasicErrorController.error(javax.servlet.http.HttpServletRequest)
20190312 10:57:59.474  [main] INFO  org.springframework.web.servlet.mvc.method.annotation.RequestMappingHandlerMapping.register():548 - Mapped "{[/error],produces=[text/html]}" onto public org.springframework.web.servlet.ModelAndView org.springframework.boot.autoconfigure.web.servlet.error.BasicErrorController.errorHtml(javax.servlet.http.HttpServletRequest,javax.servlet.http.HttpServletResponse)
20190312 10:57:59.766  [main] INFO  org.springframework.web.servlet.mvc.method.annotation.RequestMappingHandlerAdapter.initControllerAdviceCache():567 - Looking for @ControllerAdvice: org.springframework.boot.web.servlet.context.AnnotationConfigServletWebServerApplicationContext@14ca7df: startup date [Tue Mar 12 10:57:57 CST 2019]; root of context hierarchy
20190312 10:57:59.819  [main] INFO  org.springframework.web.servlet.handler.SimpleUrlHandlerMapping.registerHandler():373 - Mapped URL path [/webjars/**] onto handler of type [class org.springframework.web.servlet.resource.ResourceHttpRequestHandler]
20190312 10:57:59.819  [main] INFO  org.springframework.web.servlet.handler.SimpleUrlHandlerMapping.registerHandler():373 - Mapped URL path [/**] onto handler of type [class org.springframework.web.servlet.resource.ResourceHttpRequestHandler]
20190312 10:57:59.857  [main] INFO  org.springframework.web.servlet.handler.SimpleUrlHandlerMapping.registerHandler():373 - Mapped URL path [/**/favicon.ico] onto handler of type [class org.springframework.web.servlet.resource.ResourceHttpRequestHandler]
20190312 10:58:00.004  [main] INFO  org.springframework.jmx.export.annotation.AnnotationMBeanExporter.afterSingletonsInstantiated():434 - Registering beans for JMX exposure on startup
20190312 10:58:00.015  [main] INFO  org.springframework.context.support.DefaultLifecycleProcessor.start():351 - Starting beans in phase 2147483647
20190312 10:58:00.015  [main] INFO  springfox.documentation.spring.web.plugins.DocumentationPluginsBootstrapper.start():120 - Context refreshed
20190312 10:58:00.034  [main] INFO  springfox.documentation.spring.web.plugins.DocumentationPluginsBootstrapper.start():123 - Found 1 custom documentation plugin(s)
20190312 10:58:00.048  [main] INFO  springfox.documentation.spring.web.scanners.ApiListingReferenceScanner.scan():41 - Scanning for api listing references
20190312 10:58:00.201  [main] INFO  org.apache.coyote.http11.Http11NioProtocol.log():180 - Starting ProtocolHandler ["http-nio-9860"]
20190312 10:58:00.208  [main] INFO  org.apache.tomcat.util.net.NioSelectorPool.log():180 - Using a shared selector for servlet write/read
20190312 10:58:00.226  [main] INFO  org.springframework.boot.web.embedded.tomcat.TomcatWebServer.start():205 - Tomcat started on port(s): 9860 (http) with context path ''
20190312 10:58:00.230  [main] INFO  com.jrx.tjp.StartApp.logStarted():59 - Started StartApp in 3.37 seconds (JVM running for 4.079)
20190312 11:00:44.972  [main] INFO  com.jrx.tjp.StartApp.logStarting():50 - Starting StartApp on NWAMJPT5RAI10K4 with PID 3432 (F:\jiang\code\template-java-project\tjp-web\target\classes started by Administrator in F:\jiang\code\template-java-project)
20190312 11:00:44.975  [main] INFO  com.jrx.tjp.StartApp.logStartupProfileInfo():656 - The following profiles are active: dev
20190312 11:00:45.019  [main] INFO  org.springframework.boot.web.servlet.context.AnnotationConfigServletWebServerApplicationContext.prepareRefresh():589 - Refreshing org.springframework.boot.web.servlet.context.AnnotationConfigServletWebServerApplicationContext@1aea049: startup date [Tue Mar 12 11:00:45 CST 2019]; root of context hierarchy
20190312 11:00:46.186  [main] INFO  org.springframework.boot.web.embedded.tomcat.TomcatWebServer.initialize():91 - Tomcat initialized with port(s): 9860 (http)
20190312 11:00:46.198  [main] INFO  org.apache.coyote.http11.Http11NioProtocol.log():180 - Initializing ProtocolHandler ["http-nio-9860"]
20190312 11:00:46.210  [main] INFO  org.apache.catalina.core.StandardService.log():180 - Starting service [Tomcat]
20190312 11:00:46.210  [main] INFO  org.apache.catalina.core.StandardEngine.log():180 - Starting Servlet Engine: Apache Tomcat/8.5.28
20190312 11:00:46.214  [localhost-startStop-1] INFO  org.apache.catalina.core.AprLifecycleListener.log():180 - The APR based Apache Tomcat Native library which allows optimal performance in production environments was not found on the java.library.path: [C:\Program Files (x86)\Java\jdk1.8.0_144\bin;C:\Windows\Sun\Java\bin;C:\Windows\system32;C:\Windows;C:\Program Files\Java\jdk1.8.0_144\bin;C:\Program Files\Java\jdk1.8.0_144\jre\bin;C:\Program Files\java\jdk.18.0_144\bin;C:\Program Files\Java\jdk1.8.0_144\binC:\Windows\system32;C:\Windows;C:\Windows\System32\Wbem;C:\Windows\System32\WindowsPowerShell\v1.0\;C:\Program Files (x86)\MySQL\MySQL Server 5.5\bin;E:\CloudMusic\Tools\QtCreator\bin;C:\windows\system32;D:\maven\apache-maven-3.3.9\bin;E:\redis\;F:\apache-tomcat-7.0.88\bin\;F:\apache-tomcat-7.0.88\lib;D:\svn\service\bin;D:\svn\client\bin;E:\git\Git\cmd;E:\git\bin;E:\ElsticSearch\nodejs\;F:\itcast\mongodb\MongoDB\Server\3.2\bin;C:\Users\Administrator\AppData\Local\Microsoft\WindowsApps;C:\Users\Administrator\AppData\Roaming\npm;.]
20190312 11:00:46.312  [localhost-startStop-1] INFO  org.apache.catalina.core.ContainerBase.[Tomcat].[localhost].[/].log():180 - Initializing Spring embedded WebApplicationContext
20190312 11:00:46.313  [localhost-startStop-1] INFO  org.springframework.web.context.ContextLoader.prepareWebApplicationContext():285 - Root WebApplicationContext: initialization completed in 1294 ms
20190312 11:00:46.442  [localhost-startStop-1] INFO  org.springframework.boot.web.servlet.ServletRegistrationBean.addRegistration():185 - Servlet dispatcherServlet mapped to [/]
20190312 11:00:46.450  [localhost-startStop-1] INFO  org.springframework.boot.web.servlet.FilterRegistrationBean.configure():243 - Mapping filter: 'characterEncodingFilter' to: [/*]
20190312 11:00:46.450  [localhost-startStop-1] INFO  org.springframework.boot.web.servlet.FilterRegistrationBean.configure():243 - Mapping filter: 'hiddenHttpMethodFilter' to: [/*]
20190312 11:00:46.450  [localhost-startStop-1] INFO  org.springframework.boot.web.servlet.FilterRegistrationBean.configure():243 - Mapping filter: 'httpPutFormContentFilter' to: [/*]
20190312 11:00:46.451  [localhost-startStop-1] INFO  org.springframework.boot.web.servlet.FilterRegistrationBean.configure():243 - Mapping filter: 'requestContextFilter' to: [/*]
20190312 11:00:46.877  [main] INFO  org.springframework.web.servlet.mvc.method.annotation.RequestMappingHandlerMapping.register():548 - Mapped "{[/user/save],methods=[POST]}" onto public java.lang.String com.jrx.tjp.web.controller.UserController.save(com.jrx.tjp.web.dto.UserDto)
20190312 11:00:46.878  [main] INFO  org.springframework.web.servlet.mvc.method.annotation.RequestMappingHandlerMapping.register():548 - Mapped "{[/user/updateEmail],methods=[POST]}" onto public java.lang.String com.jrx.tjp.web.controller.UserController.updateEmail(java.lang.String)
20190312 11:00:46.879  [main] INFO  org.springframework.web.servlet.mvc.method.annotation.RequestMappingHandlerMapping.register():548 - Mapped "{[/user/updatePwd],methods=[POST]}" onto public java.lang.String com.jrx.tjp.web.controller.UserController.updatePwd(java.lang.String,java.lang.String)
20190312 11:00:46.880  [main] INFO  org.springframework.web.servlet.mvc.method.annotation.RequestMappingHandlerMapping.register():548 - Mapped "{[/v2/api-docs],methods=[GET],produces=[application/json || application/hal+json]}" onto public org.springframework.http.ResponseEntity<springfox.documentation.spring.web.json.Json> springfox.documentation.swagger2.web.Swagger2Controller.getDocumentation(java.lang.String,javax.servlet.http.HttpServletRequest)
20190312 11:00:46.885  [main] INFO  org.springframework.web.servlet.mvc.method.annotation.RequestMappingHandlerMapping.register():548 - Mapped "{[/swagger-resources/configuration/security]}" onto org.springframework.http.ResponseEntity<springfox.documentation.swagger.web.SecurityConfiguration> springfox.documentation.swagger.web.ApiResourceController.securityConfiguration()
20190312 11:00:46.886  [main] INFO  org.springframework.web.servlet.mvc.method.annotation.RequestMappingHandlerMapping.register():548 - Mapped "{[/swagger-resources]}" onto org.springframework.http.ResponseEntity<java.util.List<springfox.documentation.swagger.web.SwaggerResource>> springfox.documentation.swagger.web.ApiResourceController.swaggerResources()
20190312 11:00:46.887  [main] INFO  org.springframework.web.servlet.mvc.method.annotation.RequestMappingHandlerMapping.register():548 - Mapped "{[/swagger-resources/configuration/ui]}" onto org.springframework.http.ResponseEntity<springfox.documentation.swagger.web.UiConfiguration> springfox.documentation.swagger.web.ApiResourceController.uiConfiguration()
20190312 11:00:46.891  [main] INFO  org.springframework.web.servlet.mvc.method.annotation.RequestMappingHandlerMapping.register():548 - Mapped "{[/error]}" onto public org.springframework.http.ResponseEntity<java.util.Map<java.lang.String, java.lang.Object>> org.springframework.boot.autoconfigure.web.servlet.error.BasicErrorController.error(javax.servlet.http.HttpServletRequest)
20190312 11:00:46.892  [main] INFO  org.springframework.web.servlet.mvc.method.annotation.RequestMappingHandlerMapping.register():548 - Mapped "{[/error],produces=[text/html]}" onto public org.springframework.web.servlet.ModelAndView org.springframework.boot.autoconfigure.web.servlet.error.BasicErrorController.errorHtml(javax.servlet.http.HttpServletRequest,javax.servlet.http.HttpServletResponse)
20190312 11:00:47.189  [main] INFO  org.springframework.web.servlet.mvc.method.annotation.RequestMappingHandlerAdapter.initControllerAdviceCache():567 - Looking for @ControllerAdvice: org.springframework.boot.web.servlet.context.AnnotationConfigServletWebServerApplicationContext@1aea049: startup date [Tue Mar 12 11:00:45 CST 2019]; root of context hierarchy
20190312 11:00:47.244  [main] INFO  org.springframework.web.servlet.handler.SimpleUrlHandlerMapping.registerHandler():373 - Mapped URL path [/webjars/**] onto handler of type [class org.springframework.web.servlet.resource.ResourceHttpRequestHandler]
20190312 11:00:47.244  [main] INFO  org.springframework.web.servlet.handler.SimpleUrlHandlerMapping.registerHandler():373 - Mapped URL path [/**] onto handler of type [class org.springframework.web.servlet.resource.ResourceHttpRequestHandler]
20190312 11:00:47.286  [main] INFO  org.springframework.web.servlet.handler.SimpleUrlHandlerMapping.registerHandler():373 - Mapped URL path [/**/favicon.ico] onto handler of type [class org.springframework.web.servlet.resource.ResourceHttpRequestHandler]
20190312 11:00:47.440  [main] INFO  org.springframework.jmx.export.annotation.AnnotationMBeanExporter.afterSingletonsInstantiated():434 - Registering beans for JMX exposure on startup
20190312 11:00:47.456  [main] INFO  org.springframework.context.support.DefaultLifecycleProcessor.start():351 - Starting beans in phase 2147483647
20190312 11:00:47.456  [main] INFO  springfox.documentation.spring.web.plugins.DocumentationPluginsBootstrapper.start():120 - Context refreshed
20190312 11:00:47.479  [main] INFO  springfox.documentation.spring.web.plugins.DocumentationPluginsBootstrapper.start():123 - Found 1 custom documentation plugin(s)
20190312 11:00:47.491  [main] INFO  springfox.documentation.spring.web.scanners.ApiListingReferenceScanner.scan():41 - Scanning for api listing references
20190312 11:00:47.639  [main] INFO  org.apache.coyote.http11.Http11NioProtocol.log():180 - Starting ProtocolHandler ["http-nio-9860"]
20190312 11:00:47.651  [main] INFO  org.apache.tomcat.util.net.NioSelectorPool.log():180 - Using a shared selector for servlet write/read
20190312 11:00:47.673  [main] INFO  org.springframework.boot.web.embedded.tomcat.TomcatWebServer.start():205 - Tomcat started on port(s): 9860 (http) with context path ''
20190312 11:00:47.677  [main] INFO  com.jrx.tjp.StartApp.logStarted():59 - Started StartApp in 3.399 seconds (JVM running for 4.224)
20190312 11:03:39.458  [main] INFO  com.jrx.tjp.StartApp.logStarting():50 - Starting StartApp on NWAMJPT5RAI10K4 with PID 10276 (F:\jiang\code\template-java-project\tjp-web\target\classes started by Administrator in F:\jiang\code\template-java-project)
20190312 11:03:39.461  [main] INFO  com.jrx.tjp.StartApp.logStartupProfileInfo():656 - The following profiles are active: dev
20190312 11:03:39.501  [main] INFO  org.springframework.boot.web.servlet.context.AnnotationConfigServletWebServerApplicationContext.prepareRefresh():589 - Refreshing org.springframework.boot.web.servlet.context.AnnotationConfigServletWebServerApplicationContext@1b3536e: startup date [Tue Mar 12 11:03:39 CST 2019]; root of context hierarchy
20190312 11:03:40.655  [main] INFO  org.springframework.boot.web.embedded.tomcat.TomcatWebServer.initialize():91 - Tomcat initialized with port(s): 9860 (http)
20190312 11:03:40.666  [main] INFO  org.apache.coyote.http11.Http11NioProtocol.log():180 - Initializing ProtocolHandler ["http-nio-9860"]
20190312 11:03:40.677  [main] INFO  org.apache.catalina.core.StandardService.log():180 - Starting service [Tomcat]
20190312 11:03:40.677  [main] INFO  org.apache.catalina.core.StandardEngine.log():180 - Starting Servlet Engine: Apache Tomcat/8.5.28
20190312 11:03:40.682  [localhost-startStop-1] INFO  org.apache.catalina.core.AprLifecycleListener.log():180 - The APR based Apache Tomcat Native library which allows optimal performance in production environments was not found on the java.library.path: [C:\Program Files (x86)\Java\jdk1.8.0_144\bin;C:\Windows\Sun\Java\bin;C:\Windows\system32;C:\Windows;C:\Program Files\Java\jdk1.8.0_144\bin;C:\Program Files\Java\jdk1.8.0_144\jre\bin;C:\Program Files\java\jdk.18.0_144\bin;C:\Program Files\Java\jdk1.8.0_144\binC:\Windows\system32;C:\Windows;C:\Windows\System32\Wbem;C:\Windows\System32\WindowsPowerShell\v1.0\;C:\Program Files (x86)\MySQL\MySQL Server 5.5\bin;E:\CloudMusic\Tools\QtCreator\bin;C:\windows\system32;D:\maven\apache-maven-3.3.9\bin;E:\redis\;F:\apache-tomcat-7.0.88\bin\;F:\apache-tomcat-7.0.88\lib;D:\svn\service\bin;D:\svn\client\bin;E:\git\Git\cmd;E:\git\bin;E:\ElsticSearch\nodejs\;F:\itcast\mongodb\MongoDB\Server\3.2\bin;C:\Users\Administrator\AppData\Local\Microsoft\WindowsApps;C:\Users\Administrator\AppData\Roaming\npm;.]
20190312 11:03:40.780  [localhost-startStop-1] INFO  org.apache.catalina.core.ContainerBase.[Tomcat].[localhost].[/].log():180 - Initializing Spring embedded WebApplicationContext
20190312 11:03:40.780  [localhost-startStop-1] INFO  org.springframework.web.context.ContextLoader.prepareWebApplicationContext():285 - Root WebApplicationContext: initialization completed in 1279 ms
20190312 11:03:40.914  [localhost-startStop-1] INFO  org.springframework.boot.web.servlet.ServletRegistrationBean.addRegistration():185 - Servlet dispatcherServlet mapped to [/]
20190312 11:03:40.918  [localhost-startStop-1] INFO  org.springframework.boot.web.servlet.FilterRegistrationBean.configure():243 - Mapping filter: 'characterEncodingFilter' to: [/*]
20190312 11:03:40.919  [localhost-startStop-1] INFO  org.springframework.boot.web.servlet.FilterRegistrationBean.configure():243 - Mapping filter: 'hiddenHttpMethodFilter' to: [/*]
20190312 11:03:40.919  [localhost-startStop-1] INFO  org.springframework.boot.web.servlet.FilterRegistrationBean.configure():243 - Mapping filter: 'httpPutFormContentFilter' to: [/*]
20190312 11:03:40.919  [localhost-startStop-1] INFO  org.springframework.boot.web.servlet.FilterRegistrationBean.configure():243 - Mapping filter: 'requestContextFilter' to: [/*]
20190312 11:03:41.362  [main] INFO  org.springframework.web.servlet.mvc.method.annotation.RequestMappingHandlerMapping.register():548 - Mapped "{[/user/save],methods=[POST]}" onto public java.lang.String com.jrx.tjp.web.controller.UserController.save(com.jrx.tjp.web.dto.UserDto)
20190312 11:03:41.364  [main] INFO  org.springframework.web.servlet.mvc.method.annotation.RequestMappingHandlerMapping.register():548 - Mapped "{[/user/updateEmail],methods=[POST]}" onto public java.lang.String com.jrx.tjp.web.controller.UserController.updateEmail(java.lang.String)
20190312 11:03:41.364  [main] INFO  org.springframework.web.servlet.mvc.method.annotation.RequestMappingHandlerMapping.register():548 - Mapped "{[/user/updatePwd],methods=[POST]}" onto public java.lang.String com.jrx.tjp.web.controller.UserController.updatePwd(java.lang.String,java.lang.String)
20190312 11:03:41.366  [main] INFO  org.springframework.web.servlet.mvc.method.annotation.RequestMappingHandlerMapping.register():548 - Mapped "{[/v2/api-docs],methods=[GET],produces=[application/json || application/hal+json]}" onto public org.springframework.http.ResponseEntity<springfox.documentation.spring.web.json.Json> springfox.documentation.swagger2.web.Swagger2Controller.getDocumentation(java.lang.String,javax.servlet.http.HttpServletRequest)
20190312 11:03:41.370  [main] INFO  org.springframework.web.servlet.mvc.method.annotation.RequestMappingHandlerMapping.register():548 - Mapped "{[/swagger-resources/configuration/security]}" onto org.springframework.http.ResponseEntity<springfox.documentation.swagger.web.SecurityConfiguration> springfox.documentation.swagger.web.ApiResourceController.securityConfiguration()
20190312 11:03:41.371  [main] INFO  org.springframework.web.servlet.mvc.method.annotation.RequestMappingHandlerMapping.register():548 - Mapped "{[/swagger-resources/configuration/ui]}" onto org.springframework.http.ResponseEntity<springfox.documentation.swagger.web.UiConfiguration> springfox.documentation.swagger.web.ApiResourceController.uiConfiguration()
20190312 11:03:41.372  [main] INFO  org.springframework.web.servlet.mvc.method.annotation.RequestMappingHandlerMapping.register():548 - Mapped "{[/swagger-resources]}" onto org.springframework.http.ResponseEntity<java.util.List<springfox.documentation.swagger.web.SwaggerResource>> springfox.documentation.swagger.web.ApiResourceController.swaggerResources()
20190312 11:03:41.377  [main] INFO  org.springframework.web.servlet.mvc.method.annotation.RequestMappingHandlerMapping.register():548 - Mapped "{[/error]}" onto public org.springframework.http.ResponseEntity<java.util.Map<java.lang.String, java.lang.Object>> org.springframework.boot.autoconfigure.web.servlet.error.BasicErrorController.error(javax.servlet.http.HttpServletRequest)
20190312 11:03:41.377  [main] INFO  org.springframework.web.servlet.mvc.method.annotation.RequestMappingHandlerMapping.register():548 - Mapped "{[/error],produces=[text/html]}" onto public org.springframework.web.servlet.ModelAndView org.springframework.boot.autoconfigure.web.servlet.error.BasicErrorController.errorHtml(javax.servlet.http.HttpServletRequest,javax.servlet.http.HttpServletResponse)
20190312 11:03:41.680  [main] INFO  org.springframework.web.servlet.mvc.method.annotation.RequestMappingHandlerAdapter.initControllerAdviceCache():567 - Looking for @ControllerAdvice: org.springframework.boot.web.servlet.context.AnnotationConfigServletWebServerApplicationContext@1b3536e: startup date [Tue Mar 12 11:03:39 CST 2019]; root of context hierarchy
20190312 11:03:41.736  [main] INFO  org.springframework.web.servlet.handler.SimpleUrlHandlerMapping.registerHandler():373 - Mapped URL path [/webjars/**] onto handler of type [class org.springframework.web.servlet.resource.ResourceHttpRequestHandler]
20190312 11:03:41.737  [main] INFO  org.springframework.web.servlet.handler.SimpleUrlHandlerMapping.registerHandler():373 - Mapped URL path [/**] onto handler of type [class org.springframework.web.servlet.resource.ResourceHttpRequestHandler]
20190312 11:03:41.769  [main] INFO  org.springframework.web.servlet.handler.SimpleUrlHandlerMapping.registerHandler():373 - Mapped URL path [/**/favicon.ico] onto handler of type [class org.springframework.web.servlet.resource.ResourceHttpRequestHandler]
20190312 11:03:41.922  [main] INFO  org.springframework.jmx.export.annotation.AnnotationMBeanExporter.afterSingletonsInstantiated():434 - Registering beans for JMX exposure on startup
20190312 11:03:41.932  [main] INFO  org.springframework.context.support.DefaultLifecycleProcessor.start():351 - Starting beans in phase 2147483647
20190312 11:03:41.932  [main] INFO  springfox.documentation.spring.web.plugins.DocumentationPluginsBootstrapper.start():120 - Context refreshed
20190312 11:03:41.952  [main] INFO  springfox.documentation.spring.web.plugins.DocumentationPluginsBootstrapper.start():123 - Found 1 custom documentation plugin(s)
20190312 11:03:41.969  [main] INFO  springfox.documentation.spring.web.scanners.ApiListingReferenceScanner.scan():41 - Scanning for api listing references
20190312 11:03:42.120  [main] INFO  org.apache.coyote.http11.Http11NioProtocol.log():180 - Starting ProtocolHandler ["http-nio-9860"]
20190312 11:03:42.132  [main] INFO  org.apache.tomcat.util.net.NioSelectorPool.log():180 - Using a shared selector for servlet write/read
20190312 11:03:42.149  [main] INFO  org.springframework.boot.web.embedded.tomcat.TomcatWebServer.start():205 - Tomcat started on port(s): 9860 (http) with context path ''
20190312 11:03:42.153  [main] INFO  com.jrx.tjp.StartApp.logStarted():59 - Started StartApp in 3.441 seconds (JVM running for 5.22)
20190312 11:04:43.782  [main] INFO  com.jrx.tjp.StartApp.logStarting():50 - Starting StartApp on NWAMJPT5RAI10K4 with PID 3276 (F:\jiang\code\template-java-project\tjp-web\target\classes started by Administrator in F:\jiang\code\template-java-project)
20190312 11:04:43.785  [main] INFO  com.jrx.tjp.StartApp.logStartupProfileInfo():656 - The following profiles are active: dev
20190312 11:04:43.827  [main] INFO  org.springframework.boot.web.servlet.context.AnnotationConfigServletWebServerApplicationContext.prepareRefresh():589 - Refreshing org.springframework.boot.web.servlet.context.AnnotationConfigServletWebServerApplicationContext@1987356: startup date [Tue Mar 12 11:04:43 CST 2019]; root of context hierarchy
20190312 11:04:44.979  [main] INFO  org.springframework.boot.web.embedded.tomcat.TomcatWebServer.initialize():91 - Tomcat initialized with port(s): 9860 (http)
20190312 11:04:44.997  [main] INFO  org.apache.coyote.http11.Http11NioProtocol.log():180 - Initializing ProtocolHandler ["http-nio-9860"]
20190312 11:04:45.004  [main] INFO  org.apache.catalina.core.StandardService.log():180 - Starting service [Tomcat]
20190312 11:04:45.004  [main] INFO  org.apache.catalina.core.StandardEngine.log():180 - Starting Servlet Engine: Apache Tomcat/8.5.28
20190312 11:04:45.010  [localhost-startStop-1] INFO  org.apache.catalina.core.AprLifecycleListener.log():180 - The APR based Apache Tomcat Native library which allows optimal performance in production environments was not found on the java.library.path: [C:\Program Files (x86)\Java\jdk1.8.0_144\bin;C:\Windows\Sun\Java\bin;C:\Windows\system32;C:\Windows;C:\Program Files\Java\jdk1.8.0_144\bin;C:\Program Files\Java\jdk1.8.0_144\jre\bin;C:\Program Files\java\jdk.18.0_144\bin;C:\Program Files\Java\jdk1.8.0_144\binC:\Windows\system32;C:\Windows;C:\Windows\System32\Wbem;C:\Windows\System32\WindowsPowerShell\v1.0\;C:\Program Files (x86)\MySQL\MySQL Server 5.5\bin;E:\CloudMusic\Tools\QtCreator\bin;C:\windows\system32;D:\maven\apache-maven-3.3.9\bin;E:\redis\;F:\apache-tomcat-7.0.88\bin\;F:\apache-tomcat-7.0.88\lib;D:\svn\service\bin;D:\svn\client\bin;E:\git\Git\cmd;E:\git\bin;E:\ElsticSearch\nodejs\;F:\itcast\mongodb\MongoDB\Server\3.2\bin;C:\Users\Administrator\AppData\Local\Microsoft\WindowsApps;C:\Users\Administrator\AppData\Roaming\npm;.]
20190312 11:04:45.108  [localhost-startStop-1] INFO  org.apache.catalina.core.ContainerBase.[Tomcat].[localhost].[/].log():180 - Initializing Spring embedded WebApplicationContext
20190312 11:04:45.108  [localhost-startStop-1] INFO  org.springframework.web.context.ContextLoader.prepareWebApplicationContext():285 - Root WebApplicationContext: initialization completed in 1281 ms
20190312 11:04:45.250  [localhost-startStop-1] INFO  org.springframework.boot.web.servlet.ServletRegistrationBean.addRegistration():185 - Servlet dispatcherServlet mapped to [/]
20190312 11:04:45.255  [localhost-startStop-1] INFO  org.springframework.boot.web.servlet.FilterRegistrationBean.configure():243 - Mapping filter: 'characterEncodingFilter' to: [/*]
20190312 11:04:45.255  [localhost-startStop-1] INFO  org.springframework.boot.web.servlet.FilterRegistrationBean.configure():243 - Mapping filter: 'hiddenHttpMethodFilter' to: [/*]
20190312 11:04:45.255  [localhost-startStop-1] INFO  org.springframework.boot.web.servlet.FilterRegistrationBean.configure():243 - Mapping filter: 'httpPutFormContentFilter' to: [/*]
20190312 11:04:45.256  [localhost-startStop-1] INFO  org.springframework.boot.web.servlet.FilterRegistrationBean.configure():243 - Mapping filter: 'requestContextFilter' to: [/*]
20190312 11:04:45.719  [main] INFO  org.springframework.web.servlet.mvc.method.annotation.RequestMappingHandlerMapping.register():548 - Mapped "{[/user/save],methods=[POST]}" onto public java.lang.String com.jrx.tjp.web.controller.UserController.save(com.jrx.tjp.web.dto.UserDto)
20190312 11:04:45.720  [main] INFO  org.springframework.web.servlet.mvc.method.annotation.RequestMappingHandlerMapping.register():548 - Mapped "{[/user/updatePwd],methods=[POST]}" onto public java.lang.String com.jrx.tjp.web.controller.UserController.updatePwd(java.lang.String,java.lang.String)
20190312 11:04:45.721  [main] INFO  org.springframework.web.servlet.mvc.method.annotation.RequestMappingHandlerMapping.register():548 - Mapped "{[/user/updateEmail],methods=[POST]}" onto public java.lang.String com.jrx.tjp.web.controller.UserController.updateEmail(java.lang.String)
20190312 11:04:45.722  [main] INFO  org.springframework.web.servlet.mvc.method.annotation.RequestMappingHandlerMapping.register():548 - Mapped "{[/v2/api-docs],methods=[GET],produces=[application/json || application/hal+json]}" onto public org.springframework.http.ResponseEntity<springfox.documentation.spring.web.json.Json> springfox.documentation.swagger2.web.Swagger2Controller.getDocumentation(java.lang.String,javax.servlet.http.HttpServletRequest)
20190312 11:04:45.726  [main] INFO  org.springframework.web.servlet.mvc.method.annotation.RequestMappingHandlerMapping.register():548 - Mapped "{[/swagger-resources/configuration/ui]}" onto org.springframework.http.ResponseEntity<springfox.documentation.swagger.web.UiConfiguration> springfox.documentation.swagger.web.ApiResourceController.uiConfiguration()
20190312 11:04:45.727  [main] INFO  org.springframework.web.servlet.mvc.method.annotation.RequestMappingHandlerMapping.register():548 - Mapped "{[/swagger-resources]}" onto org.springframework.http.ResponseEntity<java.util.List<springfox.documentation.swagger.web.SwaggerResource>> springfox.documentation.swagger.web.ApiResourceController.swaggerResources()
20190312 11:04:45.728  [main] INFO  org.springframework.web.servlet.mvc.method.annotation.RequestMappingHandlerMapping.register():548 - Mapped "{[/swagger-resources/configuration/security]}" onto org.springframework.http.ResponseEntity<springfox.documentation.swagger.web.SecurityConfiguration> springfox.documentation.swagger.web.ApiResourceController.securityConfiguration()
20190312 11:04:45.735  [main] INFO  org.springframework.web.servlet.mvc.method.annotation.RequestMappingHandlerMapping.register():548 - Mapped "{[/error]}" onto public org.springframework.http.ResponseEntity<java.util.Map<java.lang.String, java.lang.Object>> org.springframework.boot.autoconfigure.web.servlet.error.BasicErrorController.error(javax.servlet.http.HttpServletRequest)
20190312 11:04:45.736  [main] INFO  org.springframework.web.servlet.mvc.method.annotation.RequestMappingHandlerMapping.register():548 - Mapped "{[/error],produces=[text/html]}" onto public org.springframework.web.servlet.ModelAndView org.springframework.boot.autoconfigure.web.servlet.error.BasicErrorController.errorHtml(javax.servlet.http.HttpServletRequest,javax.servlet.http.HttpServletResponse)
20190312 11:04:46.045  [main] INFO  org.springframework.web.servlet.mvc.method.annotation.RequestMappingHandlerAdapter.initControllerAdviceCache():567 - Looking for @ControllerAdvice: org.springframework.boot.web.servlet.context.AnnotationConfigServletWebServerApplicationContext@1987356: startup date [Tue Mar 12 11:04:43 CST 2019]; root of context hierarchy
20190312 11:04:46.106  [main] INFO  org.springframework.web.servlet.handler.SimpleUrlHandlerMapping.registerHandler():373 - Mapped URL path [/webjars/**] onto handler of type [class org.springframework.web.servlet.resource.ResourceHttpRequestHandler]
20190312 11:04:46.106  [main] INFO  org.springframework.web.servlet.handler.SimpleUrlHandlerMapping.registerHandler():373 - Mapped URL path [/**] onto handler of type [class org.springframework.web.servlet.resource.ResourceHttpRequestHandler]
20190312 11:04:46.146  [main] INFO  org.springframework.web.servlet.handler.SimpleUrlHandlerMapping.registerHandler():373 - Mapped URL path [/**/favicon.ico] onto handler of type [class org.springframework.web.servlet.resource.ResourceHttpRequestHandler]
20190312 11:04:46.300  [main] INFO  org.springframework.jmx.export.annotation.AnnotationMBeanExporter.afterSingletonsInstantiated():434 - Registering beans for JMX exposure on startup
20190312 11:04:46.308  [main] INFO  org.springframework.context.support.DefaultLifecycleProcessor.start():351 - Starting beans in phase 2147483647
20190312 11:04:46.309  [main] INFO  springfox.documentation.spring.web.plugins.DocumentationPluginsBootstrapper.start():120 - Context refreshed
20190312 11:04:46.332  [main] INFO  springfox.documentation.spring.web.plugins.DocumentationPluginsBootstrapper.start():123 - Found 1 custom documentation plugin(s)
20190312 11:04:46.344  [main] INFO  springfox.documentation.spring.web.scanners.ApiListingReferenceScanner.scan():41 - Scanning for api listing references
20190312 11:04:46.495  [main] INFO  org.apache.coyote.http11.Http11NioProtocol.log():180 - Starting ProtocolHandler ["http-nio-9860"]
20190312 11:04:46.502  [main] INFO  org.apache.tomcat.util.net.NioSelectorPool.log():180 - Using a shared selector for servlet write/read
20190312 11:04:46.521  [main] INFO  org.springframework.boot.web.embedded.tomcat.TomcatWebServer.start():205 - Tomcat started on port(s): 9860 (http) with context path ''
20190312 11:04:46.525  [main] INFO  com.jrx.tjp.StartApp.logStarted():59 - Started StartApp in 3.474 seconds (JVM running for 4.192)
